<?xml version="1.0" encoding="UTF-8"?>
<testsuite xmlns:xsi="http://www.w3.org/2001/XMLSchema-instance" xsi:noNamespaceSchemaLocation="https://maven.apache.org/surefire/maven-surefire-plugin/xsd/surefire-test-report.xsd" name="com.rasacode.carrental.CarrentalApplicationTests" time="0.004" tests="1" errors="0" skipped="1" failures="0">
  <properties>
[...]
</properties>
  <testcase name="com.rasacode.carrental.CarrentalApplicationTests" classname="com.rasacode.carrental.CarrentalApplicationTests" time="0">
    <skipped message="class com.rasacode.carrental.CarrentalApplicationTests is @Disabled"/>
  </testcase>
</testsuite>